# JRE version: OpenJDK Runtime Environment (17.0.7) (build 17.0.7+0-b2043.56-10550314)
# Java VM: OpenJDK 64-Bit Server VM (17.0.7+0-b2043.56-10550314, mixed mode, tiered, compressed oops, compressed class ptrs, g1 gc, windows-amd64)
GC Precious Log:
 CPUs: 2 total, 2 available
 Memory: 3552M
 Large Page Support: Disabled
 NUMA Support: Disabled
 Compressed Oops: Enabled (32-bit)
 Heap Region Size: 1M
 Heap Min Capacity: 8M
 Heap Initial Capacity: 56M
 Heap Max Capacity: 2G
 Pre-touch: Disabled
 Parallel Workers: 2
 Concurrent Workers: 1
 Concurrent Refinement Workers: 2
 Periodic GC: Disabled
Heap:
 garbage-first heap   total 178176K, used 111671K [0x0000000080000000, 0x0000000100000000)
  region size 1024K, 3 young (3072K), 3 survivors (3072K)
 Metaspace       used 85447K, committed 86208K, reserved 1179648K
  class space    used 11502K, committed 11840K, reserved 1048576K
GC Heap History (20 events):
Event: 104.512 GC heap after
{Heap after GC invocations=44 (full 0):
 garbage-first heap   total 132096K, used 96096K [0x0000000080000000, 0x0000000100000000)
  region size 1024K, 1 young (1024K), 1 survivors (1024K)
 Metaspace       used 66186K, committed 66816K, reserved 1114112K
  class space    used 8866K, committed 9152K, reserved 1048576K
}
Event: 105.705 GC heap before
{Heap before GC invocations=44 (full 0):
 garbage-first heap   total 132096K, used 111456K [0x0000000080000000, 0x0000000100000000)
  region size 1024K, 17 young (17408K), 1 survivors (1024K)
 Metaspace       used 67673K, committed 68352K, reserved 1114112K
  class space    used 9082K, committed 9408K, reserved 1048576K
}
Event: 105.712 GC heap after
{Heap after GC invocations=45 (full 0):
 garbage-first heap   total 132096K, used 96370K [0x0000000080000000, 0x0000000100000000)
  region size 1024K, 1 young (1024K), 1 survivors (1024K)
 Metaspace       used 67673K, committed 68352K, reserved 1114112K
  class space    used 9082K, committed 9408K, reserved 1048576K
}
Event: 107.211 GC heap before
{Heap before GC invocations=46 (full 0):
 garbage-first heap   total 163840K, used 112754K [0x0000000080000000, 0x0000000100000000)
  region size 1024K, 18 young (18432K), 1 survivors (1024K)
 Metaspace       used 69543K, committed 70272K, reserved 1114112K
  class space    used 9282K, committed 9600K, reserved 1048576K
}
Event: 107.222 GC heap after
{Heap after GC invocations=47 (full 0):
 garbage-first heap   total 163840K, used 96774K [0x0000000080000000, 0x0000000100000000)
  region size 1024K, 1 young (1024K), 1 survivors (1024K)
 Metaspace       used 69543K, committed 70272K, reserved 1114112K
  class space    used 9282K, committed 9600K, reserved 1048576K
}
Event: 108.179 GC heap before
{Heap before GC invocations=47 (full 0):
 garbage-first heap   total 163840K, used 102918K [0x0000000080000000, 0x0000000100000000)
  region size 1024K, 8 young (8192K), 1 survivors (1024K)
 Metaspace       used 70525K, committed 71232K, reserved 1114112K
  class space    used 9407K, committed 9728K, reserved 1048576K
}
Event: 108.212 GC heap after
{Heap after GC invocations=48 (full 0):
 garbage-first heap   total 163840K, used 96445K [0x0000000080000000, 0x0000000100000000)
  region size 1024K, 1 young (1024K), 1 survivors (1024K)
 Metaspace       used 70525K, committed 71232K, reserved 1114112K
  class space    used 9407K, committed 9728K, reserved 1048576K
}
Event: 112.912 GC heap before
{Heap before GC invocations=48 (full 0):
 garbage-first heap   total 163840K, used 125117K [0x0000000080000000, 0x0000000100000000)
  region size 1024K, 30 young (30720K), 1 survivors (1024K)
 Metaspace       used 74002K, committed 74752K, reserved 1114112K
  class space    used 9907K, committed 10240K, reserved 1048576K
}
Event: 112.949 GC heap after
{Heap after GC invocations=49 (full 0):
 garbage-first heap   total 163840K, used 98746K [0x0000000080000000, 0x0000000100000000)
  region size 1024K, 3 young (3072K), 3 survivors (3072K)
 Metaspace       used 74002K, committed 74752K, reserved 1114112K
  class space    used 9907K, committed 10240K, reserved 1048576K
}
Event: 115.514 GC heap before
{Heap before GC invocations=50 (full 0):
 garbage-first heap   total 168960K, used 140730K [0x0000000080000000, 0x0000000100000000)
  region size 1024K, 38 young (38912K), 3 survivors (3072K)
 Metaspace       used 75903K, committed 76736K, reserved 1179648K
  class space    used 10173K, committed 10560K, reserved 1048576K
}
Event: 115.538 GC heap after
{Heap after GC invocations=51 (full 0):
 garbage-first heap   total 168960K, used 102008K [0x0000000080000000, 0x0000000100000000)
  region size 1024K, 5 young (5120K), 5 survivors (5120K)
 Metaspace       used 75903K, committed 76736K, reserved 1179648K
  class space    used 10173K, committed 10560K, reserved 1048576K
}
Event: 115.650 GC heap before
{Heap before GC invocations=51 (full 0):
 garbage-first heap   total 168960K, used 105080K [0x0000000080000000, 0x0000000100000000)
  region size 1024K, 8 young (8192K), 5 survivors (5120K)
 Metaspace       used 76117K, committed 76864K, reserved 1179648K
  class space    used 10208K, committed 10560K, reserved 1048576K
}
Event: 115.669 GC heap after
{Heap after GC invocations=52 (full 0):
 garbage-first heap   total 168960K, used 102476K [0x0000000080000000, 0x0000000100000000)
  region size 1024K, 1 young (1024K), 1 survivors (1024K)
 Metaspace       used 76117K, committed 76864K, reserved 1179648K
  class space    used 10208K, committed 10560K, reserved 1048576K
}
Event: 124.027 GC heap before
{Heap before GC invocations=52 (full 0):
 garbage-first heap   total 168960K, used 136268K [0x0000000080000000, 0x0000000100000000)
  region size 1024K, 34 young (34816K), 1 survivors (1024K)
 Metaspace       used 78784K, committed 79488K, reserved 1179648K
  class space    used 10580K, committed 10944K, reserved 1048576K
}
Event: 124.046 GC heap after
{Heap after GC invocations=53 (full 0):
 garbage-first heap   total 168960K, used 103401K [0x0000000080000000, 0x0000000100000000)
  region size 1024K, 2 young (2048K), 2 survivors (2048K)
 Metaspace       used 78784K, committed 79488K, reserved 1179648K
  class space    used 10580K, committed 10944K, reserved 1048576K
}
Event: 127.905 GC heap before
{Heap before GC invocations=54 (full 0):
 garbage-first heap   total 178176K, used 141289K [0x0000000080000000, 0x0000000100000000)
  region size 1024K, 35 young (35840K), 2 survivors (2048K)
 Metaspace       used 82177K, committed 82880K, reserved 1179648K
  class space    used 11051K, committed 11392K, reserved 1048576K
}
Event: 127.923 GC heap after
{Heap after GC invocations=55 (full 0):
 garbage-first heap   total 178176K, used 109169K [0x0000000080000000, 0x0000000100000000)
  region size 1024K, 4 young (4096K), 4 survivors (4096K)
 Metaspace       used 82177K, committed 82880K, reserved 1179648K
  class space    used 11051K, committed 11392K, reserved 1048576K
}
Event: 128.166 GC heap before
{Heap before GC invocations=55 (full 0):
 garbage-first heap   total 178176K, used 113265K [0x0000000080000000, 0x0000000100000000)
  region size 1024K, 8 young (8192K), 4 survivors (4096K)
 Metaspace       used 82565K, committed 83328K, reserved 1179648K
  class space    used 11080K, committed 11456K, reserved 1048576K
}
Event: 128.184 GC heap after
{Heap after GC invocations=56 (full 0):
 garbage-first heap   total 178176K, used 109701K [0x0000000080000000, 0x0000000100000000)
  region size 1024K, 1 young (1024K), 1 survivors (1024K)
 Metaspace       used 82565K, committed 83328K, reserved 1179648K
  class space    used 11080K, committed 11456K, reserved 1048576K
}
Event: 131.566 GC heap before
{Heap before GC invocations=56 (full 0):
 garbage-first heap   total 178176K, used 145541K [0x0000000080000000, 0x0000000100000000)
  region size 1024K, 36 young (36864K), 1 survivors (1024K)
 Metaspace       used 85447K, committed 86208K, reserved 1179648K
  class space    used 11502K, committed 11840K, reserved 1048576K
}

