# JRE version: OpenJDK Runtime Environment (17.0.7) (build 17.0.7+0-b2043.56-10550314)
# Java VM: OpenJDK 64-Bit Server VM (17.0.7+0-b2043.56-10550314, mixed mode, tiered, compressed oops, compressed class ptrs, g1 gc, windows-amd64)
GC Precious Log:
 CPUs: 2 total, 2 available
 Memory: 3552M
 Large Page Support: Disabled
 NUMA Support: Disabled
 Compressed Oops: Enabled (32-bit)
 Heap Region Size: 1M
 Heap Min Capacity: 8M
 Heap Initial Capacity: 56M
 Heap Max Capacity: 2G
 Pre-touch: Disabled
 Parallel Workers: 2
 Concurrent Workers: 1
 Concurrent Refinement Workers: 2
 Periodic GC: Disabled
Heap:
 garbage-first heap   total 337920K, used 233472K [0x0000000080000000, 0x0000000100000000)
  region size 1024K, 2 young (2048K), 2 survivors (2048K)
 Metaspace       used 158754K, committed 159616K, reserved 1245184K
  class space    used 20885K, committed 21312K, reserved 1048576K
GC Heap History (20 events):
Event: 230.529 GC heap after
{Heap after GC invocations=78 (full 0):
 garbage-first heap   total 288768K, used 182799K [0x0000000080000000, 0x0000000100000000)
  region size 1024K, 7 young (7168K), 7 survivors (7168K)
 Metaspace       used 140808K, committed 141632K, reserved 1179648K
  class space    used 18256K, committed 18624K, reserved 1048576K
}
Event: 247.198 GC heap before
{Heap before GC invocations=78 (full 0):
 garbage-first heap   total 288768K, used 244239K [0x0000000080000000, 0x0000000100000000)
  region size 1024K, 66 young (67584K), 7 survivors (7168K)
 Metaspace       used 146671K, committed 147520K, reserved 1179648K
  class space    used 18925K, committed 19328K, reserved 1048576K
}
Event: 247.240 GC heap after
{Heap after GC invocations=79 (full 0):
 garbage-first heap   total 288768K, used 182775K [0x0000000080000000, 0x0000000100000000)
  region size 1024K, 3 young (3072K), 3 survivors (3072K)
 Metaspace       used 146671K, committed 147520K, reserved 1179648K
  class space    used 18925K, committed 19328K, reserved 1048576K
}
Event: 264.255 GC heap before
{Heap before GC invocations=79 (full 0):
 garbage-first heap   total 288768K, used 246263K [0x0000000080000000, 0x0000000100000000)
  region size 1024K, 65 young (66560K), 3 survivors (3072K)
 Metaspace       used 151584K, committed 152384K, reserved 1245184K
  class space    used 19828K, committed 20224K, reserved 1048576K
}
Event: 264.288 GC heap after
{Heap after GC invocations=80 (full 0):
 garbage-first heap   total 288768K, used 185286K [0x0000000080000000, 0x0000000100000000)
  region size 1024K, 5 young (5120K), 5 survivors (5120K)
 Metaspace       used 151584K, committed 152384K, reserved 1245184K
  class space    used 19828K, committed 20224K, reserved 1048576K
}
Event: 277.793 GC heap before
{Heap before GC invocations=80 (full 0):
 garbage-first heap   total 288768K, used 219078K [0x0000000080000000, 0x0000000100000000)
  region size 1024K, 37 young (37888K), 5 survivors (5120K)
 Metaspace       used 154177K, committed 155008K, reserved 1245184K
  class space    used 20199K, committed 20608K, reserved 1048576K
}
Event: 277.863 GC heap after
{Heap after GC invocations=81 (full 0):
 garbage-first heap   total 288768K, used 182132K [0x0000000080000000, 0x0000000100000000)
  region size 1024K, 6 young (6144K), 6 survivors (6144K)
 Metaspace       used 154177K, committed 155008K, reserved 1245184K
  class space    used 20199K, committed 20608K, reserved 1048576K
}
Event: 278.531 GC heap before
{Heap before GC invocations=81 (full 0):
 garbage-first heap   total 288768K, used 188276K [0x0000000080000000, 0x0000000100000000)
  region size 1024K, 8 young (8192K), 6 survivors (6144K)
 Metaspace       used 154177K, committed 155008K, reserved 1245184K
  class space    used 20199K, committed 20608K, reserved 1048576K
}
Event: 278.575 GC heap after
{Heap after GC invocations=82 (full 0):
 garbage-first heap   total 288768K, used 189071K [0x0000000080000000, 0x0000000100000000)
  region size 1024K, 6 young (6144K), 6 survivors (6144K)
 Metaspace       used 154177K, committed 155008K, reserved 1245184K
  class space    used 20199K, committed 20608K, reserved 1048576K
}
Event: 308.657 GC heap before
{Heap before GC invocations=83 (full 0):
 garbage-first heap   total 337920K, used 232079K [0x0000000080000000, 0x0000000100000000)
  region size 1024K, 35 young (35840K), 6 survivors (6144K)
 Metaspace       used 157260K, committed 158144K, reserved 1245184K
  class space    used 20688K, committed 21120K, reserved 1048576K
}
Event: 308.744 GC heap after
{Heap after GC invocations=84 (full 0):
 garbage-first heap   total 337920K, used 207253K [0x0000000080000000, 0x0000000100000000)
  region size 1024K, 5 young (5120K), 5 survivors (5120K)
 Metaspace       used 157260K, committed 158144K, reserved 1245184K
  class space    used 20688K, committed 21120K, reserved 1048576K
}
Event: 311.171 GC heap before
{Heap before GC invocations=84 (full 0):
 garbage-first heap   total 337920K, used 217493K [0x0000000080000000, 0x0000000100000000)
  region size 1024K, 16 young (16384K), 5 survivors (5120K)
 Metaspace       used 157459K, committed 158336K, reserved 1245184K
  class space    used 20706K, committed 21120K, reserved 1048576K
}
Event: 311.240 GC heap after
{Heap after GC invocations=85 (full 0):
 garbage-first heap   total 337920K, used 208114K [0x0000000080000000, 0x0000000100000000)
  region size 1024K, 2 young (2048K), 2 survivors (2048K)
 Metaspace       used 157459K, committed 158336K, reserved 1245184K
  class space    used 20706K, committed 21120K, reserved 1048576K
}
Event: 315.356 GC heap before
{Heap before GC invocations=85 (full 0):
 garbage-first heap   total 337920K, used 256242K [0x0000000080000000, 0x0000000100000000)
  region size 1024K, 45 young (46080K), 2 survivors (2048K)
 Metaspace       used 158739K, committed 159616K, reserved 1245184K
  class space    used 20885K, committed 21312K, reserved 1048576K
}
Event: 316.103 GC heap after
{Heap after GC invocations=86 (full 0):
 garbage-first heap   total 337920K, used 219704K [0x0000000080000000, 0x0000000100000000)
  region size 1024K, 6 young (6144K), 6 survivors (6144K)
 Metaspace       used 158739K, committed 159616K, reserved 1245184K
  class space    used 20885K, committed 21312K, reserved 1048576K
}
Event: 316.238 GC heap before
{Heap before GC invocations=86 (full 0):
 garbage-first heap   total 337920K, used 229944K [0x0000000080000000, 0x0000000100000000)
  region size 1024K, 16 young (16384K), 6 survivors (6144K)
 Metaspace       used 158739K, committed 159616K, reserved 1245184K
  class space    used 20885K, committed 21312K, reserved 1048576K
}
Event: 317.511 GC heap after
{Heap after GC invocations=87 (full 0):
 garbage-first heap   total 337920K, used 223232K [0x0000000080000000, 0x0000000100000000)
  region size 1024K, 2 young (2048K), 2 survivors (2048K)
 Metaspace       used 158739K, committed 159616K, reserved 1245184K
  class space    used 20885K, committed 21312K, reserved 1048576K
}
Event: 317.966 GC heap before
{Heap before GC invocations=87 (full 0):
 garbage-first heap   total 337920K, used 237568K [0x0000000080000000, 0x0000000100000000)
  region size 1024K, 16 young (16384K), 2 survivors (2048K)
 Metaspace       used 158739K, committed 159616K, reserved 1245184K
  class space    used 20885K, committed 21312K, reserved 1048576K
}
Event: 318.465 GC heap after
{Heap after GC invocations=88 (full 0):
 garbage-first heap   total 337920K, used 229888K [0x0000000080000000, 0x0000000100000000)
  region size 1024K, 2 young (2048K), 2 survivors (2048K)
 Metaspace       used 158739K, committed 159616K, reserved 1245184K
  class space    used 20885K, committed 21312K, reserved 1048576K
}
Event: 320.602 GC heap before
{Heap before GC invocations=88 (full 0):
 garbage-first heap   total 337920K, used 244224K [0x0000000080000000, 0x0000000100000000)
  region size 1024K, 16 young (16384K), 2 survivors (2048K)
 Metaspace       used 158754K, committed 159616K, reserved 1245184K
  class space    used 20885K, committed 21312K, reserved 1048576K
}

